<?xml version="1.0" encoding="UTF-8"?>
<!-- Generated by org.testng.reporters.JUnitReportReporter -->
<testsuite hostname="Srinivas" failures="0" tests="1" name="firstseleniumpackage.ValidlogincredentialTest" time="0.013" errors="0" timestamp="2023-04-21T16:42:17 CEST" skipped="0">
  <testcase classname="firstseleniumpackage.ValidlogincredentialTest" name="f" time="0.013"/>
  <system-out/>
</testsuite> <!-- firstseleniumpackage.ValidlogincredentialTest -->
